<?xml version="1.0" encoding="UTF-8"?>
<!-- Generated by org.testng.reporters.JUnitReportReporter -->
<testsuite skipped="0" hostname="DESKTOP-ABDQN9F" name="selenium2.TimeDynamo_Login" tests="1" failures="0" timestamp="06 Mar 2019 14:25:09 GMT" time="15.176" errors="0">
  <testcase name="testt" time="15.176" classname="selenium2.TimeDynamo_Login"/>
</testsuite> <!-- selenium2.TimeDynamo_Login -->
